<?xml version="1.0" encoding="UTF-8"?>
<testng-results ignored="0" total="20" passed="15" failed="5" skipped="0">
  <reporter-output>
  </reporter-output>
  <suite started-at="2020-07-12T10:58:34Z" name="Default suite" finished-at="2020-07-12T11:00:38Z" duration-ms="124322">
    <groups>
      <group name="cucumber">
        <method signature="AbstractTestNGCucumberTests.runScenario(cucumber.api.testng.PickleEventWrapper, cucumber.api.testng.CucumberFeatureWrapper)[pri:0, instance:org.runner.Runner@742ff096]" name="runScenario" class="cucumber.api.testng.AbstractTestNGCucumberTests"/>
      </group> <!-- cucumber -->
    </groups>
    <test started-at="2020-07-12T10:58:34Z" name="Default test" finished-at="2020-07-12T11:00:38Z" duration-ms="124322">
      <class name="org.runner.Runner">
        <test-method is-config="true" signature="setUpClass()[pri:0, instance:org.runner.Runner@742ff096]" started-at="2020-07-12T10:58:34Z" name="setUpClass" finished-at="2020-07-12T10:58:34Z" duration-ms="387" status="PASS">
          <reporter-output>
          </reporter-output>
        </test-method> <!-- setUpClass -->
        <test-method signature="runScenario(cucumber.api.testng.PickleEventWrapper, cucumber.api.testng.CucumberFeatureWrapper)[pri:0, instance:org.runner.Runner@742ff096]" started-at="2020-07-12T10:58:34Z" name="runScenario" description="Runs Cucumber Scenarios" data-provider="scenarios" finished-at="2020-07-12T10:58:49Z" duration-ms="14918" status="PASS">
          <params>
            <param index="0">
              <value>
                <![CDATA["To validate the Adactin login with valid credentials"]]>
              </value>
            </param>
            <param index="1">
              <value>
                <![CDATA["To validate the Adactin login Funtionality"]]>
              </value>
            </param>
          </params>
          <reporter-output>
          </reporter-output>
        </test-method> <!-- runScenario -->
        <test-method signature="runScenario(cucumber.api.testng.PickleEventWrapper, cucumber.api.testng.CucumberFeatureWrapper)[pri:0, instance:org.runner.Runner@742ff096]" started-at="2020-07-12T10:58:49Z" name="runScenario" description="Runs Cucumber Scenarios" data-provider="scenarios" finished-at="2020-07-12T10:58:53Z" duration-ms="4103" status="PASS">
          <params>
            <param index="0">
              <value>
                <![CDATA["To validate the Adactin search hotel page with give the mandatory info to book the hotels"]]>
              </value>
            </param>
            <param index="1">
              <value>
                <![CDATA["To validate the Adactin login Funtionality"]]>
              </value>
            </param>
          </params>
          <reporter-output>
          </reporter-output>
        </test-method> <!-- runScenario -->
        <test-method signature="runScenario(cucumber.api.testng.PickleEventWrapper, cucumber.api.testng.CucumberFeatureWrapper)[pri:0, instance:org.runner.Runner@742ff096]" started-at="2020-07-12T10:58:53Z" name="runScenario" description="Runs Cucumber Scenarios" data-provider="scenarios" finished-at="2020-07-12T10:58:56Z" duration-ms="2741" status="PASS">
          <params>
            <param index="0">
              <value>
                <![CDATA["To validate the Adactin select hotel page"]]>
              </value>
            </param>
            <param index="1">
              <value>
                <![CDATA["To validate the Adactin login Funtionality"]]>
              </value>
            </param>
          </params>
          <reporter-output>
          </reporter-output>
        </test-method> <!-- runScenario -->
        <test-method signature="runScenario(cucumber.api.testng.PickleEventWrapper, cucumber.api.testng.CucumberFeatureWrapper)[pri:0, instance:org.runner.Runner@742ff096]" started-at="2020-07-12T10:58:56Z" name="runScenario" description="Runs Cucumber Scenarios" data-provider="scenarios" finished-at="2020-07-12T10:59:01Z" duration-ms="4375" status="FAIL">
          <params>
            <param index="0">
              <value>
                <![CDATA["To validate the Adactin Book hotel page"]]>
              </value>
            </param>
            <param index="1">
              <value>
                <![CDATA["To validate the Adactin login Funtionality"]]>
              </value>
            </param>
          </params>
          <exception class="java.lang.AssertionError">
            <message>
              <![CDATA[expected [true] but found [false]]]>
            </message>
            <full-stacktrace>
              <![CDATA[java.lang.AssertionError: expected [true] but found [false]
at org.testng.Assert.fail(Assert.java:96)
at org.testng.Assert.failNotEquals(Assert.java:776)
at org.testng.Assert.assertTrue(Assert.java:44)
at org.testng.Assert.assertTrue(Assert.java:54)
at org.stepdefinition.Adactin_Login.user_is_navigating_to_BookingConfirm_page(Adactin_Login.java:170)
at ✽.User is navigating to BookingConfirm page(src/test/resources/features/AdactinMasterCard.feature:29)
]]>
            </full-stacktrace>
          </exception> <!-- java.lang.AssertionError -->
          <reporter-output>
          </reporter-output>
        </test-method> <!-- runScenario -->
        <test-method signature="runScenario(cucumber.api.testng.PickleEventWrapper, cucumber.api.testng.CucumberFeatureWrapper)[pri:0, instance:org.runner.Runner@742ff096]" started-at="2020-07-12T10:59:01Z" name="runScenario" description="Runs Cucumber Scenarios" data-provider="scenarios" finished-at="2020-07-12T10:59:07Z" duration-ms="5997" status="PASS">
          <params>
            <param index="0">
              <value>
                <![CDATA["To validate the Adactin Booking Cofirm page"]]>
              </value>
            </param>
            <param index="1">
              <value>
                <![CDATA["To validate the Adactin login Funtionality"]]>
              </value>
            </param>
          </params>
          <reporter-output>
          </reporter-output>
        </test-method> <!-- runScenario -->
        <test-method signature="runScenario(cucumber.api.testng.PickleEventWrapper, cucumber.api.testng.CucumberFeatureWrapper)[pri:0, instance:org.runner.Runner@742ff096]" started-at="2020-07-12T10:59:07Z" name="runScenario" description="Runs Cucumber Scenarios" data-provider="scenarios" finished-at="2020-07-12T10:59:19Z" duration-ms="12578" status="PASS">
          <params>
            <param index="0">
              <value>
                <![CDATA["To validate the Adactin login with valid credentials"]]>
              </value>
            </param>
            <param index="1">
              <value>
                <![CDATA["To validate the Adactin login Funtionality"]]>
              </value>
            </param>
          </params>
          <reporter-output>
          </reporter-output>
        </test-method> <!-- runScenario -->
        <test-method signature="runScenario(cucumber.api.testng.PickleEventWrapper, cucumber.api.testng.CucumberFeatureWrapper)[pri:0, instance:org.runner.Runner@742ff096]" started-at="2020-07-12T10:59:19Z" name="runScenario" description="Runs Cucumber Scenarios" data-provider="scenarios" finished-at="2020-07-12T10:59:24Z" duration-ms="4745" status="PASS">
          <params>
            <param index="0">
              <value>
                <![CDATA["To validate the Adactin search hotel page with give the mandatory info to book the hotels"]]>
              </value>
            </param>
            <param index="1">
              <value>
                <![CDATA["To validate the Adactin login Funtionality"]]>
              </value>
            </param>
          </params>
          <reporter-output>
          </reporter-output>
        </test-method> <!-- runScenario -->
        <test-method signature="runScenario(cucumber.api.testng.PickleEventWrapper, cucumber.api.testng.CucumberFeatureWrapper)[pri:0, instance:org.runner.Runner@742ff096]" started-at="2020-07-12T10:59:24Z" name="runScenario" description="Runs Cucumber Scenarios" data-provider="scenarios" finished-at="2020-07-12T10:59:26Z" duration-ms="2548" status="PASS">
          <params>
            <param index="0">
              <value>
                <![CDATA["To validate the Adactin select hotel page"]]>
              </value>
            </param>
            <param index="1">
              <value>
                <![CDATA["To validate the Adactin login Funtionality"]]>
              </value>
            </param>
          </params>
          <reporter-output>
          </reporter-output>
        </test-method> <!-- runScenario -->
        <test-method signature="runScenario(cucumber.api.testng.PickleEventWrapper, cucumber.api.testng.CucumberFeatureWrapper)[pri:0, instance:org.runner.Runner@742ff096]" started-at="2020-07-12T10:59:26Z" name="runScenario" description="Runs Cucumber Scenarios" data-provider="scenarios" finished-at="2020-07-12T10:59:30Z" duration-ms="3357" status="FAIL">
          <params>
            <param index="0">
              <value>
                <![CDATA["To validate the Adactin Book hotel page"]]>
              </value>
            </param>
            <param index="1">
              <value>
                <![CDATA["To validate the Adactin login Funtionality"]]>
              </value>
            </param>
          </params>
          <exception class="java.lang.AssertionError">
            <message>
              <![CDATA[expected [true] but found [false]]]>
            </message>
            <full-stacktrace>
              <![CDATA[java.lang.AssertionError: expected [true] but found [false]
at org.testng.Assert.fail(Assert.java:96)
at org.testng.Assert.failNotEquals(Assert.java:776)
at org.testng.Assert.assertTrue(Assert.java:44)
at org.testng.Assert.assertTrue(Assert.java:54)
at org.stepdefinition.Adactin_Login.user_is_navigating_to_BookingConfirm_page(Adactin_Login.java:170)
at ✽.User is navigating to BookingConfirm page(src/test/resources/features/AdactinOtherCard.feature:29)
]]>
            </full-stacktrace>
          </exception> <!-- java.lang.AssertionError -->
          <reporter-output>
          </reporter-output>
        </test-method> <!-- runScenario -->
        <test-method signature="runScenario(cucumber.api.testng.PickleEventWrapper, cucumber.api.testng.CucumberFeatureWrapper)[pri:0, instance:org.runner.Runner@742ff096]" started-at="2020-07-12T10:59:30Z" name="runScenario" description="Runs Cucumber Scenarios" data-provider="scenarios" finished-at="2020-07-12T10:59:34Z" duration-ms="3997" status="FAIL">
          <params>
            <param index="0">
              <value>
                <![CDATA["To validate the Adactin Booking Cofirm page"]]>
              </value>
            </param>
            <param index="1">
              <value>
                <![CDATA["To validate the Adactin login Funtionality"]]>
              </value>
            </param>
          </params>
          <exception class="org.openqa.selenium.NoSuchElementException">
            <message>
              <![CDATA[Cannot locate an element using id=order_no
For documentation on this error, please visit: https://www.seleniumhq.org/exceptions/no_such_element.html
Build info: version: '3.141.59', revision: 'e82be7d358', time: '2018-11-14T08:17:03'
System info: host: 'ANUSH', ip: '192.168.1.3', os.name: 'Windows 8.1', os.arch: 'amd64', os.version: '6.3', java.version: '14.0.1'
Driver info: driver.version: RemoteWebDriver]]>
            </message>
            <full-stacktrace>
              <![CDATA[org.openqa.selenium.NoSuchElementException: Cannot locate an element using id=order_no
For documentation on this error, please visit: https://www.seleniumhq.org/exceptions/no_such_element.html
Build info: version: '3.141.59', revision: 'e82be7d358', time: '2018-11-14T08:17:03'
System info: host: 'ANUSH', ip: '192.168.1.3', os.name: 'Windows 8.1', os.arch: 'amd64', os.version: '6.3', java.version: '14.0.1'
Driver info: driver.version: RemoteWebDriver
at org.openqa.selenium.remote.RemoteWebDriver.findElement(RemoteWebDriver.java:327)
at org.openqa.selenium.remote.RemoteWebDriver.findElementById(RemoteWebDriver.java:372)
at org.openqa.selenium.By$ById.findElement(By.java:188)
at org.openqa.selenium.remote.RemoteWebDriver.findElement(RemoteWebDriver.java:315)
at org.stepdefinition.Adactin_Login.user_get_the_booking_confirmation_order_no(Adactin_Login.java:183)
at ✽.User get the booking confirmation order no(src/test/resources/features/AdactinOtherCard.feature:37)
]]>
            </full-stacktrace>
          </exception> <!-- org.openqa.selenium.NoSuchElementException -->
          <reporter-output>
          </reporter-output>
        </test-method> <!-- runScenario -->
        <test-method signature="runScenario(cucumber.api.testng.PickleEventWrapper, cucumber.api.testng.CucumberFeatureWrapper)[pri:0, instance:org.runner.Runner@742ff096]" started-at="2020-07-12T10:59:34Z" name="runScenario" description="Runs Cucumber Scenarios" data-provider="scenarios" finished-at="2020-07-12T10:59:47Z" duration-ms="13294" status="PASS">
          <params>
            <param index="0">
              <value>
                <![CDATA["To validate the Adactin login with valid credentials"]]>
              </value>
            </param>
            <param index="1">
              <value>
                <![CDATA["To validate the Adactin login Funtionality"]]>
              </value>
            </param>
          </params>
          <reporter-output>
          </reporter-output>
        </test-method> <!-- runScenario -->
        <test-method signature="runScenario(cucumber.api.testng.PickleEventWrapper, cucumber.api.testng.CucumberFeatureWrapper)[pri:0, instance:org.runner.Runner@742ff096]" started-at="2020-07-12T10:59:47Z" name="runScenario" description="Runs Cucumber Scenarios" data-provider="scenarios" finished-at="2020-07-12T10:59:52Z" duration-ms="4451" status="PASS">
          <params>
            <param index="0">
              <value>
                <![CDATA["To validate the Adactin search hotel page with give the mandatory info to book the hotels"]]>
              </value>
            </param>
            <param index="1">
              <value>
                <![CDATA["To validate the Adactin login Funtionality"]]>
              </value>
            </param>
          </params>
          <reporter-output>
          </reporter-output>
        </test-method> <!-- runScenario -->
        <test-method signature="runScenario(cucumber.api.testng.PickleEventWrapper, cucumber.api.testng.CucumberFeatureWrapper)[pri:0, instance:org.runner.Runner@742ff096]" started-at="2020-07-12T10:59:52Z" name="runScenario" description="Runs Cucumber Scenarios" data-provider="scenarios" finished-at="2020-07-12T10:59:54Z" duration-ms="2505" status="PASS">
          <params>
            <param index="0">
              <value>
                <![CDATA["To validate the Adactin select hotel page"]]>
              </value>
            </param>
            <param index="1">
              <value>
                <![CDATA["To validate the Adactin login Funtionality"]]>
              </value>
            </param>
          </params>
          <reporter-output>
          </reporter-output>
        </test-method> <!-- runScenario -->
        <test-method signature="runScenario(cucumber.api.testng.PickleEventWrapper, cucumber.api.testng.CucumberFeatureWrapper)[pri:0, instance:org.runner.Runner@742ff096]" started-at="2020-07-12T10:59:54Z" name="runScenario" description="Runs Cucumber Scenarios" data-provider="scenarios" finished-at="2020-07-12T10:59:58Z" duration-ms="4281" status="FAIL">
          <params>
            <param index="0">
              <value>
                <![CDATA["To validate the Adactin Book hotel page"]]>
              </value>
            </param>
            <param index="1">
              <value>
                <![CDATA["To validate the Adactin login Funtionality"]]>
              </value>
            </param>
          </params>
          <exception class="java.lang.AssertionError">
            <message>
              <![CDATA[expected [true] but found [false]]]>
            </message>
            <full-stacktrace>
              <![CDATA[java.lang.AssertionError: expected [true] but found [false]
at org.testng.Assert.fail(Assert.java:96)
at org.testng.Assert.failNotEquals(Assert.java:776)
at org.testng.Assert.assertTrue(Assert.java:44)
at org.testng.Assert.assertTrue(Assert.java:54)
at org.stepdefinition.Adactin_Login.user_is_navigating_to_BookingConfirm_page(Adactin_Login.java:170)
at ✽.User is navigating to BookingConfirm page(src/test/resources/features/AdactinVisa.feature:29)
]]>
            </full-stacktrace>
          </exception> <!-- java.lang.AssertionError -->
          <reporter-output>
          </reporter-output>
        </test-method> <!-- runScenario -->
        <test-method signature="runScenario(cucumber.api.testng.PickleEventWrapper, cucumber.api.testng.CucumberFeatureWrapper)[pri:0, instance:org.runner.Runner@742ff096]" started-at="2020-07-12T10:59:58Z" name="runScenario" description="Runs Cucumber Scenarios" data-provider="scenarios" finished-at="2020-07-12T11:00:04Z" duration-ms="5943" status="PASS">
          <params>
            <param index="0">
              <value>
                <![CDATA["To validate the Adactin Booking Cofirm page"]]>
              </value>
            </param>
            <param index="1">
              <value>
                <![CDATA["To validate the Adactin login Funtionality"]]>
              </value>
            </param>
          </params>
          <reporter-output>
          </reporter-output>
        </test-method> <!-- runScenario -->
        <test-method signature="runScenario(cucumber.api.testng.PickleEventWrapper, cucumber.api.testng.CucumberFeatureWrapper)[pri:0, instance:org.runner.Runner@742ff096]" started-at="2020-07-12T11:00:04Z" name="runScenario" description="Runs Cucumber Scenarios" data-provider="scenarios" finished-at="2020-07-12T11:00:17Z" duration-ms="13021" status="PASS">
          <params>
            <param index="0">
              <value>
                <![CDATA["To validate the Adactin login with valid credentials"]]>
              </value>
            </param>
            <param index="1">
              <value>
                <![CDATA["To validate the Adactin login Funtionality"]]>
              </value>
            </param>
          </params>
          <reporter-output>
          </reporter-output>
        </test-method> <!-- runScenario -->
        <test-method signature="runScenario(cucumber.api.testng.PickleEventWrapper, cucumber.api.testng.CucumberFeatureWrapper)[pri:0, instance:org.runner.Runner@742ff096]" started-at="2020-07-12T11:00:17Z" name="runScenario" description="Runs Cucumber Scenarios" data-provider="scenarios" finished-at="2020-07-12T11:00:22Z" duration-ms="4383" status="PASS">
          <params>
            <param index="0">
              <value>
                <![CDATA["To validate the Adactin search hotel page with give the mandatory info to book the hotels"]]>
              </value>
            </param>
            <param index="1">
              <value>
                <![CDATA["To validate the Adactin login Funtionality"]]>
              </value>
            </param>
          </params>
          <reporter-output>
          </reporter-output>
        </test-method> <!-- runScenario -->
        <test-method signature="runScenario(cucumber.api.testng.PickleEventWrapper, cucumber.api.testng.CucumberFeatureWrapper)[pri:0, instance:org.runner.Runner@742ff096]" started-at="2020-07-12T11:00:22Z" name="runScenario" description="Runs Cucumber Scenarios" data-provider="scenarios" finished-at="2020-07-12T11:00:23Z" duration-ms="1763" status="PASS">
          <params>
            <param index="0">
              <value>
                <![CDATA["To validate the Adactin select hotel page"]]>
              </value>
            </param>
            <param index="1">
              <value>
                <![CDATA["To validate the Adactin login Funtionality"]]>
              </value>
            </param>
          </params>
          <reporter-output>
          </reporter-output>
        </test-method> <!-- runScenario -->
        <test-method signature="runScenario(cucumber.api.testng.PickleEventWrapper, cucumber.api.testng.CucumberFeatureWrapper)[pri:0, instance:org.runner.Runner@742ff096]" started-at="2020-07-12T11:00:23Z" name="runScenario" description="Runs Cucumber Scenarios" data-provider="scenarios" finished-at="2020-07-12T11:00:26Z" duration-ms="2350" status="FAIL">
          <params>
            <param index="0">
              <value>
                <![CDATA["To validate the Adactin Book hotel page"]]>
              </value>
            </param>
            <param index="1">
              <value>
                <![CDATA["To validate the Adactin login Funtionality"]]>
              </value>
            </param>
          </params>
          <exception class="java.lang.AssertionError">
            <message>
              <![CDATA[expected [true] but found [false]]]>
            </message>
            <full-stacktrace>
              <![CDATA[java.lang.AssertionError: expected [true] but found [false]
at org.testng.Assert.fail(Assert.java:96)
at org.testng.Assert.failNotEquals(Assert.java:776)
at org.testng.Assert.assertTrue(Assert.java:44)
at org.testng.Assert.assertTrue(Assert.java:54)
at org.stepdefinition.Adactin_Login.user_is_navigating_to_BookingConfirm_page(Adactin_Login.java:170)
at ✽.User is navigating to BookingConfirm page(src/test/resources/features/Adactin_Login_Page.feature:29)
]]>
            </full-stacktrace>
          </exception> <!-- java.lang.AssertionError -->
          <reporter-output>
          </reporter-output>
        </test-method> <!-- runScenario -->
        <test-method signature="runScenario(cucumber.api.testng.PickleEventWrapper, cucumber.api.testng.CucumberFeatureWrapper)[pri:0, instance:org.runner.Runner@742ff096]" started-at="2020-07-12T11:00:26Z" name="runScenario" description="Runs Cucumber Scenarios" data-provider="scenarios" finished-at="2020-07-12T11:00:32Z" duration-ms="5796" status="PASS">
          <params>
            <param index="0">
              <value>
                <![CDATA["To validate the Adactin Booking Cofirm page"]]>
              </value>
            </param>
            <param index="1">
              <value>
                <![CDATA["To validate the Adactin login Funtionality"]]>
              </value>
            </param>
          </params>
          <reporter-output>
          </reporter-output>
        </test-method> <!-- runScenario -->
        <test-method is-config="true" signature="JvmReports()[pri:0, instance:org.runner.Runner@742ff096]" started-at="2020-07-12T11:00:32Z" name="JvmReports" finished-at="2020-07-12T11:00:37Z" duration-ms="5328" status="PASS">
          <reporter-output>
          </reporter-output>
        </test-method> <!-- JvmReports -->
        <test-method is-config="true" signature="tearDownClass()[pri:0, instance:org.runner.Runner@742ff096]" started-at="2020-07-12T11:00:37Z" name="tearDownClass" finished-at="2020-07-12T11:00:38Z" duration-ms="1245" status="PASS">
          <reporter-output>
          </reporter-output>
        </test-method> <!-- tearDownClass -->
      </class> <!-- org.runner.Runner -->
    </test> <!-- Default test -->
  </suite> <!-- Default suite -->
</testng-results>
